2017-05-20 14:56:34,189 - Log4JLogChute initialized using file 'velocity.log'
2017-05-20 14:56:34,189 - Initializing Velocity, Calling init()...
2017-05-20 14:56:34,189 - Starting Apache Velocity v1.7 (compiled: 2010-11-19 12:14:37)
2017-05-20 14:56:34,190 - Default Properties File: org\apache\velocity\runtime\defaults\velocity.properties
2017-05-20 14:56:34,190 - Trying to use logger class org.apache.velocity.runtime.log.AvalonLogChute
2017-05-20 14:56:34,190 - Target log system for org.apache.velocity.runtime.log.AvalonLogChute is not available (java.lang.NoClassDefFoundError: org/apache/log/format/Formatter).  Falling back to next log system...
2017-05-20 14:56:34,190 - Trying to use logger class org.apache.velocity.runtime.log.Log4JLogChute
2017-05-20 14:56:34,190 - Using logger class org.apache.velocity.runtime.log.Log4JLogChute
2017-05-20 14:56:34,192 - ResourceLoader instantiated: org.apache.velocity.runtime.resource.loader.ClasspathResourceLoader
2017-05-20 14:56:34,214 - ResourceCache: initialized (class org.apache.velocity.runtime.resource.ResourceCacheImpl) with class java.util.Collections$SynchronizedMap cache map.
2017-05-20 14:56:34,214 - Loaded System Directive: org.apache.velocity.runtime.directive.Stop
2017-05-20 14:56:34,215 - Loaded System Directive: org.apache.velocity.runtime.directive.Define
2017-05-20 14:56:34,215 - Loaded System Directive: org.apache.velocity.runtime.directive.Break
2017-05-20 14:56:34,216 - Loaded System Directive: org.apache.velocity.runtime.directive.Evaluate
2017-05-20 14:56:34,216 - Loaded System Directive: org.apache.velocity.runtime.directive.Literal
2017-05-20 14:56:34,216 - Loaded System Directive: org.apache.velocity.runtime.directive.Macro
2017-05-20 14:56:34,217 - Loaded System Directive: org.apache.velocity.runtime.directive.Parse
2017-05-20 14:56:34,218 - Loaded System Directive: org.apache.velocity.runtime.directive.Include
2017-05-20 14:56:34,218 - Loaded System Directive: org.apache.velocity.runtime.directive.Foreach
2017-05-20 14:56:34,238 - Created '20' parsers.
2017-05-20 14:56:34,241 - Velocimacro : "velocimacro.library" is not set.  Trying default library: VM_global_library.vm
2017-05-20 14:56:34,241 - Could not load resource 'VM_global_library.vm' from ResourceLoader org.apache.velocity.runtime.resource.loader.ClasspathResourceLoader: ClasspathResourceLoader Error: cannot find resource VM_global_library.vm
2017-05-20 14:56:34,241 - Velocimacro : Default library not found.
2017-05-20 14:56:34,242 - Velocimacro : allowInline = true : VMs can be defined inline in templates
2017-05-20 14:56:34,242 - Velocimacro : allowInlineToOverride = false : VMs defined inline may NOT replace previous VM definitions
2017-05-20 14:56:34,242 - Velocimacro : allowInlineLocal = false : VMs defined inline will be global in scope if allowed.
2017-05-20 14:56:34,242 - Velocimacro : autoload off : VM system will not automatically reload global library macros
2017-05-20 14:56:34,243 - ResourceManager : unable to find resource 'tpl/entity.java.vm' in any resource loader.
2017-05-20 15:00:26,342 - Log4JLogChute initialized using file 'velocity.log'
2017-05-20 15:00:26,343 - Initializing Velocity, Calling init()...
2017-05-20 15:00:26,343 - Starting Apache Velocity v1.7 (compiled: 2010-11-19 12:14:37)
2017-05-20 15:00:26,343 - Default Properties File: org\apache\velocity\runtime\defaults\velocity.properties
2017-05-20 15:00:26,343 - Trying to use logger class org.apache.velocity.runtime.log.AvalonLogChute
2017-05-20 15:00:26,343 - Target log system for org.apache.velocity.runtime.log.AvalonLogChute is not available (java.lang.NoClassDefFoundError: org/apache/log/format/Formatter).  Falling back to next log system...
2017-05-20 15:00:26,343 - Trying to use logger class org.apache.velocity.runtime.log.Log4JLogChute
2017-05-20 15:00:26,343 - Using logger class org.apache.velocity.runtime.log.Log4JLogChute
2017-05-20 15:00:26,345 - ResourceLoader instantiated: org.apache.velocity.runtime.resource.loader.ClasspathResourceLoader
2017-05-20 15:00:26,353 - ResourceCache: initialized (class org.apache.velocity.runtime.resource.ResourceCacheImpl) with class java.util.Collections$SynchronizedMap cache map.
2017-05-20 15:00:26,354 - Loaded System Directive: org.apache.velocity.runtime.directive.Stop
2017-05-20 15:00:26,355 - Loaded System Directive: org.apache.velocity.runtime.directive.Define
2017-05-20 15:00:26,355 - Loaded System Directive: org.apache.velocity.runtime.directive.Break
2017-05-20 15:00:26,356 - Loaded System Directive: org.apache.velocity.runtime.directive.Evaluate
2017-05-20 15:00:26,356 - Loaded System Directive: org.apache.velocity.runtime.directive.Literal
2017-05-20 15:00:26,357 - Loaded System Directive: org.apache.velocity.runtime.directive.Macro
2017-05-20 15:00:26,357 - Loaded System Directive: org.apache.velocity.runtime.directive.Parse
2017-05-20 15:00:26,358 - Loaded System Directive: org.apache.velocity.runtime.directive.Include
2017-05-20 15:00:26,359 - Loaded System Directive: org.apache.velocity.runtime.directive.Foreach
2017-05-20 15:00:26,379 - Created '20' parsers.
2017-05-20 15:00:26,382 - Velocimacro : "velocimacro.library" is not set.  Trying default library: VM_global_library.vm
2017-05-20 15:00:26,383 - Could not load resource 'VM_global_library.vm' from ResourceLoader org.apache.velocity.runtime.resource.loader.ClasspathResourceLoader: ClasspathResourceLoader Error: cannot find resource VM_global_library.vm
2017-05-20 15:00:26,383 - Velocimacro : Default library not found.
2017-05-20 15:00:26,383 - Velocimacro : allowInline = true : VMs can be defined inline in templates
2017-05-20 15:00:26,383 - Velocimacro : allowInlineToOverride = false : VMs defined inline may NOT replace previous VM definitions
2017-05-20 15:00:26,383 - Velocimacro : allowInlineLocal = false : VMs defined inline will be global in scope if allowed.
2017-05-20 15:00:26,383 - Velocimacro : autoload off : VM system will not automatically reload global library macros
2017-05-20 15:00:26,396 - ResourceManager : found tpl/entity.java.vm with loader org.apache.velocity.runtime.resource.loader.ClasspathResourceLoader
2017-05-20 15:00:26,434 - ResourceManager : found tpl/mapper.java.vm with loader org.apache.velocity.runtime.resource.loader.ClasspathResourceLoader
2017-05-20 15:00:26,436 - ResourceManager : found tpl/mapper.xml.vm with loader org.apache.velocity.runtime.resource.loader.ClasspathResourceLoader
2017-05-20 15:00:26,450 - ResourceManager : found tpl/service.java.vm with loader org.apache.velocity.runtime.resource.loader.ClasspathResourceLoader
2017-05-20 15:00:26,452 - ResourceManager : found /templates/serviceImpl.java.vm with loader org.apache.velocity.runtime.resource.loader.ClasspathResourceLoader
2017-05-20 15:00:26,455 - ResourceManager : found tpl/controller.java.vm with loader org.apache.velocity.runtime.resource.loader.ClasspathResourceLoader
2017-05-20 15:35:02,708 - Log4JLogChute initialized using file 'velocity.log'
2017-05-20 15:35:02,716 - Initializing Velocity, Calling init()...
2017-05-20 15:35:02,716 - Starting Apache Velocity v1.7 (compiled: 2010-11-19 12:14:37)
2017-05-20 15:35:02,716 - Default Properties File: org\apache\velocity\runtime\defaults\velocity.properties
2017-05-20 15:35:02,716 - Trying to use logger class org.apache.velocity.runtime.log.AvalonLogChute
2017-05-20 15:35:02,716 - Target log system for org.apache.velocity.runtime.log.AvalonLogChute is not available (java.lang.NoClassDefFoundError: org/apache/log/format/Formatter).  Falling back to next log system...
2017-05-20 15:35:02,716 - Trying to use logger class org.apache.velocity.runtime.log.Log4JLogChute
2017-05-20 15:35:02,716 - Using logger class org.apache.velocity.runtime.log.Log4JLogChute
2017-05-20 15:35:02,719 - ResourceLoader instantiated: org.apache.velocity.runtime.resource.loader.ClasspathResourceLoader
2017-05-20 15:35:02,766 - ResourceCache: initialized (class org.apache.velocity.runtime.resource.ResourceCacheImpl) with class java.util.Collections$SynchronizedMap cache map.
2017-05-20 15:35:02,767 - Loaded System Directive: org.apache.velocity.runtime.directive.Stop
2017-05-20 15:35:02,767 - Loaded System Directive: org.apache.velocity.runtime.directive.Define
2017-05-20 15:35:02,768 - Loaded System Directive: org.apache.velocity.runtime.directive.Break
2017-05-20 15:35:02,768 - Loaded System Directive: org.apache.velocity.runtime.directive.Evaluate
2017-05-20 15:35:02,768 - Loaded System Directive: org.apache.velocity.runtime.directive.Literal
2017-05-20 15:35:02,769 - Loaded System Directive: org.apache.velocity.runtime.directive.Macro
2017-05-20 15:35:02,770 - Loaded System Directive: org.apache.velocity.runtime.directive.Parse
2017-05-20 15:35:02,770 - Loaded System Directive: org.apache.velocity.runtime.directive.Include
2017-05-20 15:35:02,771 - Loaded System Directive: org.apache.velocity.runtime.directive.Foreach
2017-05-20 15:35:02,789 - Created '20' parsers.
2017-05-20 15:35:02,792 - Velocimacro : "velocimacro.library" is not set.  Trying default library: VM_global_library.vm
2017-05-20 15:35:02,793 - Could not load resource 'VM_global_library.vm' from ResourceLoader org.apache.velocity.runtime.resource.loader.ClasspathResourceLoader: ClasspathResourceLoader Error: cannot find resource VM_global_library.vm
2017-05-20 15:35:02,793 - Velocimacro : Default library not found.
2017-05-20 15:35:02,793 - Velocimacro : allowInline = true : VMs can be defined inline in templates
2017-05-20 15:35:02,793 - Velocimacro : allowInlineToOverride = false : VMs defined inline may NOT replace previous VM definitions
2017-05-20 15:35:02,793 - Velocimacro : allowInlineLocal = false : VMs defined inline will be global in scope if allowed.
2017-05-20 15:35:02,793 - Velocimacro : autoload off : VM system will not automatically reload global library macros
2017-05-20 15:35:02,809 - ResourceManager : found tpl/entity.java.vm with loader org.apache.velocity.runtime.resource.loader.ClasspathResourceLoader
2017-05-20 15:35:02,824 - ResourceManager : found tpl/mapper.java.vm with loader org.apache.velocity.runtime.resource.loader.ClasspathResourceLoader
2017-05-20 15:35:02,829 - ResourceManager : found tpl/mapper.xml.vm with loader org.apache.velocity.runtime.resource.loader.ClasspathResourceLoader
2017-05-20 15:35:02,831 - ResourceManager : found tpl/service.java.vm with loader org.apache.velocity.runtime.resource.loader.ClasspathResourceLoader
2017-05-20 15:35:02,844 - ResourceManager : found /templates/serviceImpl.java.vm with loader org.apache.velocity.runtime.resource.loader.ClasspathResourceLoader
2017-05-20 15:35:02,847 - ResourceManager : found tpl/controller.java.vm with loader org.apache.velocity.runtime.resource.loader.ClasspathResourceLoader
2017-05-20 20:25:17,315 - Log4JLogChute initialized using file 'velocity.log'
2017-05-20 20:25:17,326 - Initializing Velocity, Calling init()...
2017-05-20 20:25:17,326 - Starting Apache Velocity v1.7 (compiled: 2010-11-19 12:14:37)
2017-05-20 20:25:17,326 - Default Properties File: org\apache\velocity\runtime\defaults\velocity.properties
2017-05-20 20:25:17,326 - Trying to use logger class org.apache.velocity.runtime.log.AvalonLogChute
2017-05-20 20:25:17,326 - Target log system for org.apache.velocity.runtime.log.AvalonLogChute is not available (java.lang.NoClassDefFoundError: org/apache/log/format/Formatter).  Falling back to next log system...
2017-05-20 20:25:17,326 - Trying to use logger class org.apache.velocity.runtime.log.Log4JLogChute
2017-05-20 20:25:17,326 - Using logger class org.apache.velocity.runtime.log.Log4JLogChute
2017-05-20 20:25:17,330 - ResourceLoader instantiated: org.apache.velocity.runtime.resource.loader.ClasspathResourceLoader
2017-05-20 20:25:17,370 - ResourceCache: initialized (class org.apache.velocity.runtime.resource.ResourceCacheImpl) with class java.util.Collections$SynchronizedMap cache map.
2017-05-20 20:25:17,371 - Loaded System Directive: org.apache.velocity.runtime.directive.Stop
2017-05-20 20:25:17,372 - Loaded System Directive: org.apache.velocity.runtime.directive.Define
2017-05-20 20:25:17,372 - Loaded System Directive: org.apache.velocity.runtime.directive.Break
2017-05-20 20:25:17,373 - Loaded System Directive: org.apache.velocity.runtime.directive.Evaluate
2017-05-20 20:25:17,373 - Loaded System Directive: org.apache.velocity.runtime.directive.Literal
2017-05-20 20:25:17,374 - Loaded System Directive: org.apache.velocity.runtime.directive.Macro
2017-05-20 20:25:17,374 - Loaded System Directive: org.apache.velocity.runtime.directive.Parse
2017-05-20 20:25:17,375 - Loaded System Directive: org.apache.velocity.runtime.directive.Include
2017-05-20 20:25:17,376 - Loaded System Directive: org.apache.velocity.runtime.directive.Foreach
2017-05-20 20:25:17,396 - Created '20' parsers.
2017-05-20 20:25:17,399 - Velocimacro : "velocimacro.library" is not set.  Trying default library: VM_global_library.vm
2017-05-20 20:25:17,399 - Could not load resource 'VM_global_library.vm' from ResourceLoader org.apache.velocity.runtime.resource.loader.ClasspathResourceLoader: ClasspathResourceLoader Error: cannot find resource VM_global_library.vm
2017-05-20 20:25:17,399 - Velocimacro : Default library not found.
2017-05-20 20:25:17,399 - Velocimacro : allowInline = true : VMs can be defined inline in templates
2017-05-20 20:25:17,399 - Velocimacro : allowInlineToOverride = false : VMs defined inline may NOT replace previous VM definitions
2017-05-20 20:25:17,399 - Velocimacro : allowInlineLocal = false : VMs defined inline will be global in scope if allowed.
2017-05-20 20:25:17,399 - Velocimacro : autoload off : VM system will not automatically reload global library macros
2017-05-20 20:25:17,434 - ResourceManager : found tpl/entity.java.vm with loader org.apache.velocity.runtime.resource.loader.ClasspathResourceLoader
2017-05-20 20:25:17,449 - ResourceManager : found tpl/mapper.java.vm with loader org.apache.velocity.runtime.resource.loader.ClasspathResourceLoader
2017-05-20 20:25:17,480 - ResourceManager : found tpl/mapper.xml.vm with loader org.apache.velocity.runtime.resource.loader.ClasspathResourceLoader
2017-05-20 20:25:17,481 - ResourceManager : found tpl/service.java.vm with loader org.apache.velocity.runtime.resource.loader.ClasspathResourceLoader
2017-05-20 20:25:17,483 - ResourceManager : found /templates/serviceImpl.java.vm with loader org.apache.velocity.runtime.resource.loader.ClasspathResourceLoader
2017-05-20 20:25:17,490 - ResourceManager : found tpl/controller.java.vm with loader org.apache.velocity.runtime.resource.loader.ClasspathResourceLoader
